info it worked if it ends with ok
verbose cli [ '/usr/bin/nodejs', '/usr/bin/npm', 'install', '-g', 'coffee' ]
info using npm@1.1.4
info using node@v0.6.19
verbose config file /home/jason/.npmrc
verbose config file /usr/etc/npmrc
verbose config file /usr/share/npm/npmrc
silly exec /usr/bin/nodejs "/usr/share/npm/bin/npm-get-uid-gid.js" "nobody" 1000
silly spawning [ '/usr/bin/nodejs',
silly spawning   [ '/usr/share/npm/bin/npm-get-uid-gid.js', 'nobody', 1000 ],
silly spawning   null ]
silly output from getuid/gid {"uid":65534,"gid":1000}
silly output from getuid/gid 
verbose cache add [ 'coffee', null ]
silly cache add: name, spec, args [ undefined, 'coffee', [ 'coffee', null ] ]
verbose parsed url { pathname: 'coffee', path: 'coffee', href: 'coffee' }
verbose addNamed [ 'coffee', '' ]
verbose addNamed [ null, '' ]
silly name, range, hasData [ 'coffee', '', false ]
verbose raw, before any munging coffee
verbose url resolving [ 'https://registry.npmjs.org/', './coffee' ]
verbose url resolved https://registry.npmjs.org/coffee
http GET https://registry.npmjs.org/coffee
http 404 https://registry.npmjs.org/coffee
silly get cb [ 404,
silly get cb   { server: 'CouchDB/1.2.1 (Erlang OTP/R15B)',
silly get cb     date: 'Thu, 17 Jan 2013 22:22:17 GMT',
silly get cb     'content-type': 'application/json',
silly get cb     'content-length': '52',
silly get cb     'cache-control': 'must-revalidate' } ]
ERR! 404 'coffee' is not in the npm registry.
ERR! 404 You should bug the author to publish it
ERR! 404 Note that you can also install from a
ERR! 404 tarball, folder, or http url, or git url.
ERR! 
ERR! System Linux 3.7.0-7-generic
ERR! command "/usr/bin/nodejs" "/usr/bin/npm" "install" "-g" "coffee"
ERR! cwd /home/jason/DotCreek/dcerp
ERR! node -v v0.6.19
ERR! npm -v 1.1.4
ERR! code E404
ERR! message 404 Not Found: coffee
ERR! errno {}
verbose exit [ 1, true ]
